[2023-10-09 15:10:01] request.INFO: Matched route "admin_security_compromised". {"route":"admin_security_compromised","route_parameters":{"_route":"admin_security_compromised","_controller":"PrestaShopBundle\\Controller\\Admin\\SecurityController::compromisedAccessAction"},"request_uri":"http://localhost/presta-tests/admin172ec8o5ouznni116bw/index.php/security/compromised?_token=WiinibgkDkYQtC3G_9-1BK1bzKvNkQPrRGjRoYYiL_w&uri=http%253A%252F%252Flocalhost%252Fpresta-tests%252Fadmin172ec8o5ouznni116bw%252Findex.php%252Fimprove%252Fdesign%252Fthemes%252Fimport%253F","method":"GET"} []
[2023-10-09 15:10:01] security.INFO: Populated the TokenStorage with an anonymous Token. [] []
[2023-10-09 15:10:02] cache.WARNING: Failed to save key "PrestaShopBundle%5CController%5CAdmin%5CSecurityController" of type array: rename(C:\wamp64\www\presta-tests\var\cache\prod\pools\x1FAZmiYAx\4d5914a39b3b,C:\wamp64\www\presta-tests\var\cache\prod\pools\x1FAZmiYAx\M\5\RoGIMGCIJ4mUiF+SLpYQ): Accès refusé (code: 5) {"key":"PrestaShopBundle%5CController%5CAdmin%5CSecurityController","exception":"[object] (ErrorException(code: 0): rename(C:\\wamp64\\www\\presta-tests\\var\\cache\\prod\\pools\\x1FAZmiYAx\\4d5914a39b3b,C:\\wamp64\\www\\presta-tests\\var\\cache\\prod\\pools\\x1FAZmiYAx\\M\\5\\RoGIMGCIJ4mUiF+SLpYQ): Accès refusé (code: 5) at C:\\wamp64\\www\\presta-tests\\vendor\\symfony\\symfony\\src\\Symfony\\Component\\Cache\\Traits\\FilesystemCommonTrait.php:115)"} []
[2023-10-09 15:10:02] request.CRITICAL: Uncaught PHP Exception RuntimeException: "Failed to write cache file "C:\wamp64\www\presta-tests\var\cache\prod/twig/de/de98aa406e70ad5b6b8c73068b07e232759416cd2aa460eddf5dba4d7d870617.php"." at C:\wamp64\www\presta-tests\vendor\twig\twig\src\Cache\FilesystemCache.php line 76 {"exception":"[object] (RuntimeException(code: 0): Failed to write cache file \"C:\\wamp64\\www\\presta-tests\\var\\cache\\prod/twig/de/de98aa406e70ad5b6b8c73068b07e232759416cd2aa460eddf5dba4d7d870617.php\". at C:\\wamp64\\www\\presta-tests\\vendor\\twig\\twig\\src\\Cache\\FilesystemCache.php:76)"} []
[2023-10-09 15:10:01] request.INFO: Matched route "admin_security_compromised". {"route":"admin_security_compromised","route_parameters":{"_route":"admin_security_compromised","_controller":"PrestaShopBundle\\Controller\\Admin\\SecurityController::compromisedAccessAction"},"request_uri":"http://localhost/presta-tests/admin172ec8o5ouznni116bw/index.php/security/compromised?_token=qjX2prlCdX8pYU63U15s04f5WrWpJ2YtZDoI7reFXGY&uri=http%253A%252F%252Flocalhost%252Fpresta-tests%252Fadmin172ec8o5ouznni116bw%252Findex.php%252Fcommon%252Fnotifications%253F","method":"GET"} []
[2023-10-09 15:10:01] security.INFO: Populated the TokenStorage with an anonymous Token. [] []
[2023-10-09 15:10:02] cache.WARNING: Failed to save key "PrestaShopBundle%5CController%5CAdmin%5CSecurityController" of type array: rename(C:\wamp64\www\presta-tests\var\cache\prod\pools\x1FAZmiYAx\7c67bfbf2d82,C:\wamp64\www\presta-tests\var\cache\prod\pools\x1FAZmiYAx\M\5\RoGIMGCIJ4mUiF+SLpYQ): Accès refusé (code: 5) {"key":"PrestaShopBundle%5CController%5CAdmin%5CSecurityController","exception":"[object] (ErrorException(code: 0): rename(C:\\wamp64\\www\\presta-tests\\var\\cache\\prod\\pools\\x1FAZmiYAx\\7c67bfbf2d82,C:\\wamp64\\www\\presta-tests\\var\\cache\\prod\\pools\\x1FAZmiYAx\\M\\5\\RoGIMGCIJ4mUiF+SLpYQ): Accès refusé (code: 5) at C:\\wamp64\\www\\presta-tests\\vendor\\symfony\\symfony\\src\\Symfony\\Component\\Cache\\Traits\\FilesystemCommonTrait.php:115)"} []
[2023-10-09 15:10:02] request.CRITICAL: Uncaught PHP Exception RuntimeException: "Failed to write cache file "C:\wamp64\www\presta-tests\var\cache\prod/twig/de/de98aa406e70ad5b6b8c73068b07e232759416cd2aa460eddf5dba4d7d870617.php"." at C:\wamp64\www\presta-tests\vendor\twig\twig\src\Cache\FilesystemCache.php line 76 {"exception":"[object] (RuntimeException(code: 0): Failed to write cache file \"C:\\wamp64\\www\\presta-tests\\var\\cache\\prod/twig/de/de98aa406e70ad5b6b8c73068b07e232759416cd2aa460eddf5dba4d7d870617.php\". at C:\\wamp64\\www\\presta-tests\\vendor\\twig\\twig\\src\\Cache\\FilesystemCache.php:76)"} []
[2023-10-09 15:10:03] security.DEBUG: Stored the security token in the session. {"key":"_security_main"} []
[2023-10-09 15:10:03] security.DEBUG: Stored the security token in the session. {"key":"_security_main"} []
[2023-10-09 15:27:59] request.INFO: Matched route "admin_themes_enable". {"route":"admin_themes_enable","route_parameters":{"_route":"admin_themes_enable","_controller":"PrestaShopBundle\\Controller\\Admin\\Improve\\Design\\ThemeController::enableAction","_legacy_controller":"AdminThemes","_legacy_link":"AdminThemes:enableTheme","_legacy_parameters":{"theme_name":"themeName"},"themeName":"jewelrystore"},"request_uri":"http://localhost/presta-tests/admin172ec8o5ouznni116bw/index.php/improve/design/themes/jewelrystore/enable?_token=lWrENBqeu5wKlp2hdHUmQ0qEbmxkV0aFz4_wptbbqD8","method":"POST"} []
[2023-10-09 15:27:59] security.DEBUG: Read existing security token from the session. {"key":"_security_main","token_class":"Symfony\\Component\\Security\\Core\\Authentication\\Token\\UsernamePasswordToken"} []
[2023-10-09 15:27:59] security.DEBUG: User was reloaded from a user provider. {"provider":"PrestaShopBundle\\Security\\Admin\\EmployeeProvider","username":"atout@charme.admin"} []
[2023-10-09 15:28:09] app.INFO: Protect vendor folder in module ps_categorytree_mod [] []
[2023-10-09 15:28:09] app.INFO: Module ps_categorytree_mod has no vendor folder [] []
[2023-10-09 15:28:10] app.INFO: Protect vendor folder in module ets_featuredproducts [] []
[2023-10-09 15:28:10] app.INFO: Module ets_featuredproducts has no vendor folder [] []
[2023-10-09 15:28:14] app.INFO: Protect vendor folder in module ets_multilayerslider [] []
[2023-10-09 15:28:14] app.INFO: Module ets_multilayerslider has no vendor folder [] []
[2023-10-09 15:28:17] app.INFO: Protect vendor folder in module ets_megamenu [] []
[2023-10-09 15:28:17] app.INFO: Module ets_megamenu has no vendor folder [] []
[2023-10-09 15:28:17] request.CRITICAL: Uncaught PHP Exception Symfony\Component\ErrorHandler\Error\OutOfMemoryError: "Error: Allowed memory size of 33554432 bytes exhausted (tried to allocate 2097160 bytes)" at C:\wamp64\www\presta-tests\vendor\nikic\php-parser\lib\PhpParser\Lexer.php line 88 {"exception":"[object] (Symfony\\Component\\ErrorHandler\\Error\\OutOfMemoryError(code: 0): Error: Allowed memory size of 33554432 bytes exhausted (tried to allocate 2097160 bytes) at C:\\wamp64\\www\\presta-tests\\vendor\\nikic\\php-parser\\lib\\PhpParser\\Lexer.php:88)"} []
[2023-10-09 15:28:17] security.DEBUG: Stored the security token in the session. {"key":"_security_main"} []
